[2023-06-17 22:40:30,431] INFO     (org.hibernate.Version    ): HHH000412: Hibernate ORM core version 5.6.15.Final
[2023-06-17 22:40:30,998] INFO     (org.hibernate.annotations.common.Version): HCANN000001: Hibernate Commons Annotations {5.1.2.Final}
[2023-06-17 22:40:31,509] WARN     (org.hibernate.orm.connections.pooling): HHH10001002: Using Hibernate built-in connection pool (not for production use!)
[2023-06-17 22:40:31,515] INFO     (org.hibernate.orm.connections.pooling): HHH10001005: using driver [com.mysql.jdbc.Driver] at URL [jdbc:mysql://localhost:3306/]
[2023-06-17 22:40:31,516] INFO     (org.hibernate.orm.connections.pooling): HHH10001001: Connection properties: {password=****, user=root}
[2023-06-17 22:40:31,516] INFO     (org.hibernate.orm.connections.pooling): HHH10001003: Autocommit mode: false
[2023-06-17 22:40:31,565] INFO     (org.hibernate.engine.jdbc.connections.internal.DriverManagerConnectionProviderImpl): HHH000115: Hibernate connection pool size: 1 (min=1)
[2023-06-17 22:40:31,837] INFO     (org.hibernate.dialect.Dialect): HHH000400: Using dialect: org.hibernate.dialect.MySQLDialect
[2023-06-17 22:40:31,860] INFO     (org.hibernate.orm.beans  ): HHH10005002: No explicit CDI BeanManager reference was passed to Hibernate, but CDI is available on the Hibernate ClassLoader.
[2023-06-17 22:40:32,012] INFO     (org.hibernate.validator.internal.util.Version): HV000001: Hibernate Validator 6.0.2.Final
[2023-06-17 22:40:32,273] INFO     (org.hibernate.orm.connections.pooling): HHH10001008: Cleaning up connection pool [jdbc:mysql://localhost:3306/]
[2023-06-17 22:40:32,280] INFO     (JPACreator               ): Generate  Entity (for table kills)
[2023-06-17 22:40:32,293] INFO     (JPACreator               ): Generate  Dto (for table kills)
[2023-06-17 22:40:32,296] INFO     (JPACreator               ): Generate  Dao (for table kills)
[2023-06-17 22:40:32,298] INFO     (JPACreator               ): Generate  DaoImpl (for table kills)
[2023-06-17 22:40:32,316] INFO     (JPACreator               ): Generate  Entity (for table mapinfo)
[2023-06-17 22:40:32,318] INFO     (JPACreator               ): Generate  Dto (for table mapinfo)
[2023-06-17 22:40:32,319] INFO     (JPACreator               ): Generate  Dao (for table mapinfo)
[2023-06-17 22:40:32,321] INFO     (JPACreator               ): Generate  DaoImpl (for table mapinfo)
[2023-06-17 22:40:32,323] INFO     (JPACreator               ): Generate  Entity (for table maps)
[2023-06-17 22:40:32,325] INFO     (JPACreator               ): Generate  Dto (for table maps)
[2023-06-17 22:40:32,327] INFO     (JPACreator               ): Generate  Dao (for table maps)
[2023-06-17 22:40:32,328] INFO     (JPACreator               ): Generate  DaoImpl (for table maps)
[2023-06-17 22:40:32,330] INFO     (JPACreator               ): Generate  Entity (for table vehicles)
[2023-06-17 22:40:32,333] INFO     (JPACreator               ): Generate  Dto (for table vehicles)
[2023-06-17 22:40:32,335] INFO     (JPACreator               ): Generate  Dao (for table vehicles)
[2023-06-17 22:40:32,337] INFO     (JPACreator               ): Generate  DaoImpl (for table vehicles)
[2023-06-17 22:40:32,340] INFO     (JPACreator               ): Generate  Entity (for table kits)
[2023-06-17 22:40:32,342] INFO     (JPACreator               ): Generate  Dto (for table kits)
[2023-06-17 22:40:32,343] INFO     (JPACreator               ): Generate  Dao (for table kits)
[2023-06-17 22:40:32,345] INFO     (JPACreator               ): Generate  DaoImpl (for table kits)
[2023-06-17 22:40:32,349] INFO     (JPACreator               ): Generate  Entity (for table player_history)
[2023-06-17 22:40:32,350] INFO     (JPACreator               ): Generate  Dto (for table player_history)
[2023-06-17 22:40:32,352] INFO     (JPACreator               ): Generate  Dao (for table player_history)
[2023-06-17 22:40:32,354] INFO     (JPACreator               ): Generate  DaoImpl (for table player_history)
[2023-06-17 22:40:32,356] INFO     (JPACreator               ): Generate  Entity (for table army)
[2023-06-17 22:40:32,359] INFO     (JPACreator               ): Generate  Dto (for table army)
[2023-06-17 22:40:32,361] INFO     (JPACreator               ): Generate  Dao (for table army)
[2023-06-17 22:40:32,362] INFO     (JPACreator               ): Generate  DaoImpl (for table army)
[2023-06-17 22:40:32,365] INFO     (JPACreator               ): Generate  Entity (for table servers)
[2023-06-17 22:40:32,366] INFO     (JPACreator               ): Generate  Dto (for table servers)
[2023-06-17 22:40:32,367] INFO     (JPACreator               ): Generate  Dao (for table servers)
[2023-06-17 22:40:32,369] INFO     (JPACreator               ): Generate  DaoImpl (for table servers)
[2023-06-17 22:40:32,370] INFO     (JPACreator               ): Generate  Entity (for table awards)
[2023-06-17 22:40:32,371] INFO     (JPACreator               ): Generate  Dto (for table awards)
[2023-06-17 22:40:32,372] INFO     (JPACreator               ): Generate  Dao (for table awards)
[2023-06-17 22:40:32,373] INFO     (JPACreator               ): Generate  DaoImpl (for table awards)
[2023-06-17 22:40:32,374] INFO     (JPACreator               ): Generate  Entity (for table unlocks)
[2023-06-17 22:40:32,375] INFO     (JPACreator               ): Generate  Dto (for table unlocks)
[2023-06-17 22:40:32,376] INFO     (JPACreator               ): Generate  Dao (for table unlocks)
[2023-06-17 22:40:32,377] INFO     (JPACreator               ): Generate  DaoImpl (for table unlocks)
[2023-06-17 22:40:32,378] INFO     (JPACreator               ): Generate  Entity (for table ip2nation)
[2023-06-17 22:40:32,380] INFO     (JPACreator               ): Generate  Dto (for table ip2nation)
[2023-06-17 22:40:32,380] INFO     (JPACreator               ): Generate  Dao (for table ip2nation)
[2023-06-17 22:40:32,381] INFO     (JPACreator               ): Generate  DaoImpl (for table ip2nation)
[2023-06-17 22:40:32,382] INFO     (JPACreator               ): Generate  Entity (for table round_history)
[2023-06-17 22:40:32,383] INFO     (JPACreator               ): Generate  Dto (for table round_history)
[2023-06-17 22:40:32,384] INFO     (JPACreator               ): Generate  Dao (for table round_history)
[2023-06-17 22:40:32,386] INFO     (JPACreator               ): Generate  DaoImpl (for table round_history)
[2023-06-17 22:40:32,387] INFO     (JPACreator               ): Generate  Entity (for table weapons)
[2023-06-17 22:40:32,390] INFO     (JPACreator               ): Generate  Dto (for table weapons)
[2023-06-17 22:40:32,393] INFO     (JPACreator               ): Generate  Dao (for table weapons)
[2023-06-17 22:40:32,393] INFO     (JPACreator               ): Generate  DaoImpl (for table weapons)
[2023-06-17 22:40:32,396] INFO     (JPACreator               ): Generate  Entity (for table player)
[2023-06-17 22:40:32,398] INFO     (JPACreator               ): Generate  Dto (for table player)
[2023-06-17 22:40:32,400] INFO     (JPACreator               ): Generate  Dao (for table player)
[2023-06-17 22:40:32,402] INFO     (JPACreator               ): Generate  DaoImpl (for table player)
[2023-06-17 22:40:32,405] INFO     (JPACreator               ): Generate  EntityManager (for table )
